... logging to /home/hyx020222/.ros/log/35ad9834-f0e7-11ee-9f6c-5ddfe38042c4/roslaunch-ubuntu-12588.log
Checking log directory for disk usage. This may take a while.
Press Ctrl-C to interrupt
Done checking log file disk usage. Usage is <1GB.
]2;/home/hyx020222/catkin_ws/src/uav_simulation/launch/uav_simulation.launch
[1mstarted roslaunch server http://ubuntu:46453/[0m

SUMMARY
========

PARAMETERS
 * /gazebo/enable_ros_network: True
 * /global_planner_main/astar/allocate_num: 1000
 * /global_planner_main/astar/lambda_heu: 2.0
 * /global_planner_main/global_planner/fly_height_2D: 0.4
 * /global_planner_main/global_planner/is_2D: True
 * /global_planner_main/global_planner/map_input: 0
 * /global_planner_main/global_planner/replan_time: 2.0
 * /global_planner_main/global_planner/safe_distance: 0.01
 * /global_planner_main/global_planner/sim_mode: True
 * /global_planner_main/global_planner/time_per_path: 1.0
 * /global_planner_main/map/inflate: 0.3
 * /global_planner_main/map/map_size_x: 20.0
 * /global_planner_main/map/map_size_y: 20.0
 * /global_planner_main/map/map_size_z: 5.0
 * /global_planner_main/map/origin_x: 0.0
 * /global_planner_main/map/origin_y: 0.0
 * /global_planner_main/map/origin_z: 0.0
 * /global_planner_main/map/resolution: 0.05
 * /octomap_server/frame_id: world
 * /octomap_server/resolution: 0.05
 * /octomap_server/sensor_model/max_range: 5.0
 * /rosdistro: noetic
 * /rosversion: 1.16.0
 * /uav1/mavros/cmd/use_comp_id_system_control: False
 * /uav1/mavros/conn/heartbeat_rate: 1.0
 * /uav1/mavros/conn/system_time_rate: 1.0
 * /uav1/mavros/conn/timeout: 10.0
 * /uav1/mavros/conn/timesync_rate: 10.0
 * /uav1/mavros/distance_sensor/hrlv_ez4_pub/field_of_view: 0.0
 * /uav1/mavros/distance_sensor/hrlv_ez4_pub/frame_id: hrlv_ez4_sonar
 * /uav1/mavros/distance_sensor/hrlv_ez4_pub/id: 0
 * /uav1/mavros/distance_sensor/hrlv_ez4_pub/orientation: PITCH_270
 * /uav1/mavros/distance_sensor/hrlv_ez4_pub/send_tf: True
 * /uav1/mavros/distance_sensor/hrlv_ez4_pub/sensor_position/x: 0.0
 * /uav1/mavros/distance_sensor/hrlv_ez4_pub/sensor_position/y: 0.0
 * /uav1/mavros/distance_sensor/hrlv_ez4_pub/sensor_position/z: -0.1
 * /uav1/mavros/distance_sensor/laser_1_sub/id: 3
 * /uav1/mavros/distance_sensor/laser_1_sub/orientation: PITCH_270
 * /uav1/mavros/distance_sensor/laser_1_sub/subscriber: True
 * /uav1/mavros/distance_sensor/lidarlite_pub/field_of_view: 0.0
 * /uav1/mavros/distance_sensor/lidarlite_pub/frame_id: lidarlite_laser
 * /uav1/mavros/distance_sensor/lidarlite_pub/id: 1
 * /uav1/mavros/distance_sensor/lidarlite_pub/orientation: PITCH_270
 * /uav1/mavros/distance_sensor/lidarlite_pub/send_tf: True
 * /uav1/mavros/distance_sensor/lidarlite_pub/sensor_position/x: 0.0
 * /uav1/mavros/distance_sensor/lidarlite_pub/sensor_position/y: 0.0
 * /uav1/mavros/distance_sensor/lidarlite_pub/sensor_position/z: -0.1
 * /uav1/mavros/distance_sensor/sonar_1_sub/id: 2
 * /uav1/mavros/distance_sensor/sonar_1_sub/orientation: PITCH_270
 * /uav1/mavros/distance_sensor/sonar_1_sub/subscriber: True
 * /uav1/mavros/fake_gps/eph: 2.0
 * /uav1/mavros/fake_gps/epv: 2.0
 * /uav1/mavros/fake_gps/fix_type: 3
 * /uav1/mavros/fake_gps/geo_origin/alt: 408.0
 * /uav1/mavros/fake_gps/geo_origin/lat: 47.3667
 * /uav1/mavros/fake_gps/geo_origin/lon: 8.55
 * /uav1/mavros/fake_gps/gps_rate: 5.0
 * /uav1/mavros/fake_gps/mocap_transform: True
 * /uav1/mavros/fake_gps/satellites_visible: 5
 * /uav1/mavros/fake_gps/tf/child_frame_id: fix
 * /uav1/mavros/fake_gps/tf/frame_id: map
 * /uav1/mavros/fake_gps/tf/listen: False
 * /uav1/mavros/fake_gps/tf/rate_limit: 10.0
 * /uav1/mavros/fake_gps/tf/send: False
 * /uav1/mavros/fake_gps/use_mocap: True
 * /uav1/mavros/fake_gps/use_vision: False
 * /uav1/mavros/fcu_url: udp://:14540@loca...
 * /uav1/mavros/gcs_url: 
 * /uav1/mavros/global_position/child_frame_id: base_link
 * /uav1/mavros/global_position/frame_id: map
 * /uav1/mavros/global_position/gps_uere: 1.0
 * /uav1/mavros/global_position/rot_covariance: 99999.0
 * /uav1/mavros/global_position/tf/child_frame_id: base_link
 * /uav1/mavros/global_position/tf/frame_id: map
 * /uav1/mavros/global_position/tf/global_frame_id: earth
 * /uav1/mavros/global_position/tf/send: False
 * /uav1/mavros/global_position/use_relative_alt: True
 * /uav1/mavros/image/frame_id: px4flow
 * /uav1/mavros/imu/angular_velocity_stdev: 0.0003490659 // 0...
 * /uav1/mavros/imu/frame_id: base_link
 * /uav1/mavros/imu/linear_acceleration_stdev: 0.0003
 * /uav1/mavros/imu/magnetic_stdev: 0.0
 * /uav1/mavros/imu/orientation_stdev: 1.0
 * /uav1/mavros/local_position/frame_id: world
 * /uav1/mavros/local_position/tf/child_frame_id: base_link
 * /uav1/mavros/local_position/tf/frame_id: world
 * /uav1/mavros/local_position/tf/send: True
 * /uav1/mavros/local_position/tf/send_fcu: False
 * /uav1/mavros/mission/pull_after_gcs: True
 * /uav1/mavros/mocap/use_pose: True
 * /uav1/mavros/mocap/use_tf: False
 * /uav1/mavros/odometry/fcu/odom_child_id_des: base_link
 * /uav1/mavros/odometry/fcu/odom_parent_id_des: map
 * /uav1/mavros/plugin_blacklist: ['altitude', 'act...
 * /uav1/mavros/plugin_whitelist: ['command', 'imu'...
 * /uav1/mavros/px4flow/frame_id: px4flow
 * /uav1/mavros/px4flow/ranger_fov: 0.118682
 * /uav1/mavros/px4flow/ranger_max_range: 5.0
 * /uav1/mavros/px4flow/ranger_min_range: 0.3
 * /uav1/mavros/safety_area/p1/x: 1.0
 * /uav1/mavros/safety_area/p1/y: 1.0
 * /uav1/mavros/safety_area/p1/z: 1.0
 * /uav1/mavros/safety_area/p2/x: -1.0
 * /uav1/mavros/safety_area/p2/y: -1.0
 * /uav1/mavros/safety_area/p2/z: -1.0
 * /uav1/mavros/setpoint_accel/send_force: False
 * /uav1/mavros/setpoint_attitude/reverse_thrust: False
 * /uav1/mavros/setpoint_attitude/tf/child_frame_id: target_attitude
 * /uav1/mavros/setpoint_attitude/tf/frame_id: map
 * /uav1/mavros/setpoint_attitude/tf/listen: False
 * /uav1/mavros/setpoint_attitude/tf/rate_limit: 50.0
 * /uav1/mavros/setpoint_attitude/use_quaternion: False
 * /uav1/mavros/setpoint_position/mav_frame: LOCAL_NED
 * /uav1/mavros/setpoint_position/tf/child_frame_id: target_position
 * /uav1/mavros/setpoint_position/tf/frame_id: map
 * /uav1/mavros/setpoint_position/tf/listen: False
 * /uav1/mavros/setpoint_position/tf/rate_limit: 50.0
 * /uav1/mavros/setpoint_raw/thrust_scaling: 1.0
 * /uav1/mavros/setpoint_velocity/mav_frame: LOCAL_NED
 * /uav1/mavros/startup_px4_usb_quirk: True
 * /uav1/mavros/sys/disable_diag: False
 * /uav1/mavros/sys/min_voltage: 10.0
 * /uav1/mavros/target_component_id: 1
 * /uav1/mavros/target_system_id: 1
 * /uav1/mavros/tdr_radio/low_rssi: 40
 * /uav1/mavros/time/time_ref_source: fcu
 * /uav1/mavros/time/timesync_avg_alpha: 0.6
 * /uav1/mavros/time/timesync_mode: MAVLINK
 * /uav1/mavros/vibration/frame_id: base_link
 * /uav1/mavros/vision_pose/tf/child_frame_id: vision_estimate
 * /uav1/mavros/vision_pose/tf/frame_id: map
 * /uav1/mavros/vision_pose/tf/listen: False
 * /uav1/mavros/vision_pose/tf/rate_limit: 10.0
 * /uav1/mavros/vision_speed/listen_twist: True
 * /uav1/mavros/vision_speed/twist_cov: True
 * /uav1/mavros/wheel_odometry/child_frame_id: base_link
 * /uav1/mavros/wheel_odometry/count: 2
 * /uav1/mavros/wheel_odometry/frame_id: map
 * /uav1/mavros/wheel_odometry/send_raw: True
 * /uav1/mavros/wheel_odometry/send_twist: False
 * /uav1/mavros/wheel_odometry/tf/child_frame_id: base_link
 * /uav1/mavros/wheel_odometry/tf/frame_id: map
 * /uav1/mavros/wheel_odometry/tf/send: False
 * /uav1/mavros/wheel_odometry/use_rpm: False
 * /uav1/mavros/wheel_odometry/vel_error: 0.1
 * /uav1/mavros/wheel_odometry/wheel0/radius: 0.05
 * /uav1/mavros/wheel_odometry/wheel0/x: 0.0
 * /uav1/mavros/wheel_odometry/wheel0/y: -0.15
 * /uav1/mavros/wheel_odometry/wheel1/radius: 0.05
 * /uav1/mavros/wheel_odometry/wheel1/x: 0.0
 * /uav1/mavros/wheel_odometry/wheel1/y: 0.15
 * /uav_control_main_1/D435i/offset_pitch: 0.0
 * /uav_control_main_1/D435i/offset_roll: -1.92
 * /uav_control_main_1/D435i/offset_x: 0.1
 * /uav_control_main_1/D435i/offset_y: 0.0
 * /uav_control_main_1/D435i/offset_yaw: -1.57
 * /uav_control_main_1/D435i/offset_z: 0.0
 * /uav_control_main_1/Lidar/offset_pitch: 0.0
 * /uav_control_main_1/Lidar/offset_roll: 0.0
 * /uav_control_main_1/Lidar/offset_x: 0.0
 * /uav_control_main_1/Lidar/offset_y: 0.0
 * /uav_control_main_1/Lidar/offset_yaw: 0.0
 * /uav_control_main_1/Lidar/offset_z: 0.05
 * /uav_control_main_1/T265/offset_pitch: 0.0
 * /uav_control_main_1/T265/offset_roll: 0.0
 * /uav_control_main_1/T265/offset_x: 0.1
 * /uav_control_main_1/T265/offset_y: 0.0
 * /uav_control_main_1/T265/offset_yaw: 0.0
 * /uav_control_main_1/T265/offset_z: 0.0
 * /uav_control_main_1/control/Disarm_height: 0.1
 * /uav_control_main_1/control/Land_speed: 0.2
 * /uav_control_main_1/control/Takeoff_height: 0.4
 * /uav_control_main_1/control/enable_external_control: True
 * /uav_control_main_1/control/location_source: 2
 * /uav_control_main_1/control/maximum_safe_vel_xy: 2.0
 * /uav_control_main_1/control/maximum_safe_vel_z: 2.0
 * /uav_control_main_1/control/maximum_vel_error_for_vision: 100.0
 * /uav_control_main_1/control/pos_controller: 0
 * /uav_control_main_1/flag_printf: True
 * /uav_control_main_1/geo_fence/x_max: 10.0
 * /uav_control_main_1/geo_fence/x_min: -10.0
 * /uav_control_main_1/geo_fence/y_max: 10.0
 * /uav_control_main_1/geo_fence/y_min: -10.0
 * /uav_control_main_1/geo_fence/z_max: 50.0
 * /uav_control_main_1/geo_fence/z_min: -0.5
 * /uav_control_main_1/sim_mode: True
 * /uav_control_main_1/uav_id: 1
 * /use_sim_time: True

NODES
  /
    gazebo (gazebo_ros/gzserver)
    gazebo_gui (gazebo_ros/gzclient)
    global_planner_main (uav_navigation/global_planner_main)
    joy_node (prometheus_uav_control/joy_node)
    laser_to_pointcloud (uav_simulation/laser_to_pointcloud.py)
    octomap_server (octomap_server/octomap_server_node)
    rviz (rviz/rviz)
    uav_control_main_1 (prometheus_uav_control/uav_control_main)
  /uav1/
    mavros (mavros/mavros_node)
    p450_rplidar_monocular_1_spawn (gazebo_ros/spawn_model)
    sitl_1 (px4/px4)
    tf_2Dlidar (tf2_ros/static_transform_publisher)
[rcS] Info: found model autostart file as SYS_AUTOSTART=1045
INFO  [param] selected parameter default file eeprom/parameters_1045
INFO  [parameters] BSON document size 535 bytes, decoded 535 bytes
[rcS] Loaded: eeprom/parameters_1045
[rcS] COM_DL_LOSS_T set to 10.0
[rcS] COM_RC_LOSS_T set to .5
[rcS] COM_OF_LOSS_T set to .5
[rcS] COM_OBC_LOSS_T set to 5.0
[0m[ INFO] [1712058633.424773268]: FCU URL: udp://:14540@localhost:14580[0m
[0m[ INFO] [1712058633.428022182]: udp0: Bind address: 0.0.0.0:14540[0m
[0m[ INFO] [1712058633.428133825]: udp0: Remote address: 127.0.0.1:14580[0m
[0m[ INFO] [1712058633.428320326]: GCS bridge disabled[0m
[0m[ INFO] [1712058633.440090419]: Plugin 3dr_radio blacklisted[0m
[0m[ INFO] [1712058633.440125705]: Plugin actuator_control blacklisted[0m
[0m[ INFO] [1712058633.440140587]: Plugin adsb blacklisted[0m
[0m[ INFO] [1712058633.440154317]: Plugin altitude blacklisted[0m
[0m[ INFO] [1712058633.440168297]: Plugin cam_imu_sync blacklisted[0m
[0m[ INFO] [1712058633.440182128]: Plugin camera blacklisted[0m
[0m[ INFO] [1712058633.447751801]: Plugin command loaded[0m
[0m[ INFO] [1712058633.472126706]: Plugin command initialized[0m
[0m[ INFO] [1712058633.472170799]: Plugin companion_process_status blacklisted[0m
[0m[ INFO] [1712058633.472185991]: Plugin debug_value blacklisted[0m
[0m[ INFO] [1712058633.488942275]: Plugin distance_sensor loaded[0m
[0m[ INFO] [1712058633.513249117]: Plugin distance_sensor initialized[0m
[0m[ INFO] [1712058633.513291179]: Plugin esc_status blacklisted[0m
[0m[ INFO] [1712058633.513306500]: Plugin esc_telemetry blacklisted[0m
[0m[ INFO] [1712058633.513320901]: Plugin fake_gps blacklisted[0m
[0m[ INFO] [1712058633.513334361]: Plugin ftp blacklisted[0m
[0m[ INFO] [1712058633.513521222]: Plugin geofence loaded[0m
[0m[ INFO] [1712058633.527218785]: Plugin geofence initialized[0m
[0m[ INFO] [1712058633.527263189]: Plugin gimbal_control blacklisted[0m
[0m[ INFO] [1712058633.527278050]: Plugin global_position blacklisted[0m
[0m[ INFO] [1712058633.527292591]: Plugin gps_input blacklisted[0m
[0m[ INFO] [1712058633.527307332]: Plugin gps_rtk blacklisted[0m
[0m[ INFO] [1712058633.527322003]: Plugin gps_status blacklisted[0m
[0m[ INFO] [1712058633.527335493]: Plugin hil blacklisted[0m
[0m[ INFO] [1712058633.527349814]: Plugin home_position blacklisted[0m
[0m[ INFO] [1712058633.527581128]: Plugin imu loaded[0m
[0m[ INFO] [1712058633.546943201]: Plugin imu initialized[0m
[0m[ INFO] [1712058633.546985013]: Plugin landing_target blacklisted[0m
[0m[ INFO] [1712058633.547129902]: Plugin local_position loaded[0m
[0m[ INFO] [1712058633.572224087]: Plugin local_position initialized[0m
[0m[ INFO] [1712058633.572305999]: Plugin log_transfer blacklisted[0m
[0m[ INFO] [1712058633.572347800]: Plugin mag_calibration_status blacklisted[0m
[0m[ INFO] [1712058633.572548021]: Plugin manual_control loaded[0m
[0m[ INFO] [1712058633.589618861]: Plugin manual_control initialized[0m
[0m[ INFO] [1712058633.589729504]: Plugin mocap_pose_estimate blacklisted[0m
[0m[ INFO] [1712058633.589790640]: Plugin mount_control blacklisted[0m
[0m[ INFO] [1712058633.589809614]: Plugin nav_controller_output blacklisted[0m
[0m[ INFO] [1712058633.589826067]: Plugin obstacle_distance blacklisted[0m
[0m[ INFO] [1712058633.589841708]: Plugin odom blacklisted[0m
[0m[ INFO] [1712058633.589856950]: Plugin onboard_computer_status blacklisted[0m
[0m[ INFO] [1712058633.590102174]: Plugin param loaded[0m
[0m[ INFO] [1712058633.613103516]: Plugin param initialized[0m
[0m[ INFO] [1712058633.613203861]: Plugin play_tune blacklisted[0m
[0m[ INFO] [1712058633.613221364]: Plugin px4flow blacklisted[0m
[0m[ INFO] [1712058633.613228810]: Plugin rallypoint blacklisted[0m
[0m[ INFO] [1712058633.613303206]: Plugin rangefinder blacklisted[0m
[0m[ INFO] [1712058633.613517907]: Plugin rc_io loaded[0m
[0m[ INFO] [1712058633.622917167]: Plugin rc_io initialized[0m
[0m[ INFO] [1712058633.622983607]: Plugin safety_area blacklisted[0m
[0m[ INFO] [1712058633.623000620]: Plugin setpoint_accel blacklisted[0m
[0m[ INFO] [1712058633.623380436]: Plugin setpoint_attitude loaded[0m
[0m[ INFO] [1712058633.697765186]: Plugin setpoint_attitude initialized[0m
[0m[ INFO] [1712058633.698033087]: Plugin setpoint_position blacklisted[0m
[0m[ INFO] [1712058633.698190386]: Plugin setpoint_raw loaded[0m
[0m[ INFINFO  [px4] Creating symlink /home/hyx020222/prometheus_px4/ROMFS/px4fmu_common -> /home/hyx020222/.ros/sitl_amov_0/etc

██████  ██████   ██████  ███    ███ ███████ ████████ ██   ██ ███████ ██    ██ ███████
██   ██ ██   ██ ██    ██ ████  ████ ██         ██    ██   ██ ██      ██    ██ ██      
██████  ██████  ██    ██ ██ ████ ██ █████      ██    ███████ █████   ██    ██ ███████ 
██      ██   ██ ██    ██ ██  ██  ██ ██         ██    ██   ██ ██      ██    ██      ██ 
██      ██   ██  ██████  ██      ██ ███████    ██    ██   ██ ███████  ██████  ███████ 

px4 starting.

INFO  [px4] Calling startup script: /bin/sh etc/init.d-posix/rcS 0
ERROR [px4] Startup script returned with return value: 2
O] [1712058633.789379036]: Plugin setpoint_raw initialized[0m
[0m[ INFO] [1712058633.789537005]: Plugin setpoint_trajectory blacklisted[0m
[0m[ INFO] [1712058633.789556270]: Plugin setpoint_velocity blacklisted[0m
[0m[ INFO] [1712058633.789871387]: Plugin sys_status loaded[0m
[0m[ INFO] [1712058633.834070422]: Plugin sys_status initialized[0m
[0m[ INFO] [1712058633.834283813]: Plugin sys_time loaded[0m
[0m[ INFO] [1712058633.883380492]: TM: Timesync mode: MAVLINK[0m
[0m[ INFO] [1712058633.885700447]: TM: Not publishing sim time[0m
[0m[ INFO] [1712058633.902997848]: Plugin sys_time initialized[0m
[0m[ INFO] [1712058633.903074045]: Plugin trajectory blacklisted[0m
[0m[ INFO] [1712058633.903095211]: Plugin tunnel blacklisted[0m
[0m[ INFO] [1712058633.903112214]: Plugin vfr_hud blacklisted[0m
[0m[ INFO] [1712058633.903132889]: Plugin vibration blacklisted[0m
[0m[ INFO] [1712058633.903268311]: Plugin vision_pose_estimate loaded[0m
[0m[ INFO] [1712058633.998601339]: Plugin vision_pose_estimate initialized[0m
[0m[ INFO] [1712058633.998800408]: Plugin vision_speed_estimate loaded[0m
[0m[ INFO] [1712058634.041669049]: Plugin vision_speed_estimate initialized[0m
[0m[ INFO] [1712058634.041741233]: Plugin waypoint blacklisted[0m
[0m[ INFO] [1712058634.041760787]: Plugin wheel_odometry blacklisted[0m
[0m[ INFO] [1712058634.041813366]: Plugin wind_estimation blacklisted[0m
[0m[ INFO] [1712058634.042047540]: Autostarting mavlink via USB on PX4[0m
[0m[ INFO] [1712058634.042263330]: Built-in SIMD instructions: SSE, SSE2[0m
[0m[ INFO] [1712058634.042302649]: Built-in MAVLink package version: 2021.3.3[0m
[0m[ INFO] [1712058634.042324695]: Known MAVLink dialects: common ardupilotmega ASLUAV all autoquad icarous matrixpilot paparazzi standard uAvionix ualberta[0m
[0m[ INFO] [1712058634.042340447]: MAVROS started. MY ID 1.240, TARGET ID 1.1[0m
[0m[ INFO] [1712058633.639011653]: Opened joystick: /dev/input/js0 (Flysky FS-i6S emulator). deadzone_: 0.050000.[0m

auto-starting new master
[1mprocess[master]: started with pid [12597][0m
[1mROS_MASTER_URI=http://localhost:11311[0m
]2;/home/hyx020222/catkin_ws/src/uav_simulation/launch/uav_simulation.launch http://localhost:11311
[1msetting /run_id to 35ad9834-f0e7-11ee-9f6c-5ddfe38042c4[0m
[1mprocess[rosout-1]: started with pid [12608][0m
started core service [/rosout]
[1mprocess[gazebo-2]: started with pid [12615][0m
[1mprocess[gazebo_gui-3]: started with pid [12620][0m
[1mprocess[uav1/sitl_1-4]: started with pid [12625][0m
[1mprocess[uav1/p450_rplidar_monocular_1_spawn-5]: started with pid [12638][0m
[1mprocess[uav1/mavros-6]: started with pid [12642][0m
[1mprocess[uav1/tf_2Dlidar-7]: started with pid [12644][0m
[1mprocess[uav_control_main_1-8]: started with pid [12645][0m
[1mprocess[joy_node-9]: started with pid [12657][0m
[1mprocess[laser_to_pointcloud-10]: started with pid [12666][0m
[1mprocess[octomap_server-11]: started with pid [12690][0m
[1mprocess[rviz-13]: started with pid [12695][0m
[rviz-13] killing on exit
[laser_to_pointcloud-10] killing on exit
[joy_node-9] killing on exit
[octomap_server-11] killing on exit
[uav1/tf_2Dlidar-7] killing on exit
[uav1/p450_rplidar_monocular_1_spawn-5] killing on exit
[uav1/sitl_1-4] killing on exit
[gazebo_gui-3] killing on exit
[uav_control_main_1-8] killing on exit
[uav1/mavros-6] killing on exit
[gazebo-2] killing on exit
[rosout-1] killing on exit
[master] killing on exit
shutting down processing monitor...
... shutting down processing monitor complete
[1mdone[0m
