/clock
/diagnostics
/free_cells_vis_array
/gazebo/link_states
/gazebo/model_states
/gazebo/parameter_descriptions
/gazebo/parameter_updates
/gazebo/performance_metrics
/gazebo/set_link_state
/gazebo/set_model_state
/initialpose
/mavros/actuator_control
/mavros/extended_state
/mavros/global_position/rel_alt
/mavros/imu/data
/mavros/local_position/pose
/mavros/local_position/velocity_local
/mavros/setpoint_raw/attitude
/mavros/setpoint_raw/local
/mavros/setpoint_raw/target_attitude
/mavros/setpoint_raw/target_local
/mavros/state
/mavros/target_actuator_control
/mavros/vision_pose/pose
/occupied_cells_vis_array
/octomap_binary
/octomap_full
/octomap_point_cloud_centers
/octomap_server/parameter_descriptions
/octomap_server/parameter_updates
/projected_map
/prometheus/control/ref_pose_rviz
/prometheus/control_command
/prometheus/control_command_station
/prometheus/drone_odom
/prometheus/drone_state
/prometheus/drone_trajectory
/prometheus/global_planning/path_cmd
/prometheus/ground_truth/p450_basic
/prometheus/log/control
/prometheus/message/main
/prometheus/planning/global_inflate_pcl
/prometheus/planning/global_pcl
/prometheus/planning/goal
/prometheus/reference_trajectory
/prometheus/sensor/monocular_down/camera_info
/prometheus/sensor/monocular_down/image_raw
/prometheus/sensor/monocular_down/image_raw/compressed
/prometheus/sensor/monocular_down/image_raw/compressed/parameter_descriptions
/prometheus/sensor/monocular_down/image_raw/compressed/parameter_updates
/prometheus/sensor/monocular_down/image_raw/compressedDepth
/prometheus/sensor/monocular_down/image_raw/compressedDepth/parameter_descriptions
/prometheus/sensor/monocular_down/image_raw/compressedDepth/parameter_updates
/prometheus/sensor/monocular_down/image_raw/theora
/prometheus/sensor/monocular_down/image_raw/theora/parameter_descriptions
/prometheus/sensor/monocular_down/image_raw/theora/parameter_updates
/prometheus/sensor/monocular_down/parameter_descriptions
/prometheus/sensor/monocular_down/parameter_updates
/prometheus/sensor/monocular_front/camera_info
/prometheus/sensor/monocular_front/image_raw
/prometheus/sensor/monocular_front/image_raw/compressed
/prometheus/sensor/monocular_front/image_raw/compressed/parameter_descriptions
/prometheus/sensor/monocular_front/image_raw/compressed/parameter_updates
/prometheus/sensor/monocular_front/image_raw/compressedDepth
/prometheus/sensor/monocular_front/image_raw/compressedDepth/parameter_descriptions
/prometheus/sensor/monocular_front/image_raw/compressedDepth/parameter_updates
/prometheus/sensor/monocular_front/image_raw/theora
/prometheus/sensor/monocular_front/image_raw/theora/parameter_descriptions
/prometheus/sensor/monocular_front/image_raw/theora/parameter_updates
/prometheus/sensor/monocular_front/parameter_descriptions
/prometheus/sensor/monocular_front/parameter_updates
/prometheus/sensors/pcl2
/rosout
/rosout_agg
/scan
/slam/pose
/t265/odom/sample
/tf
/tf_static
/uav1/joy
/uav1/mavlink/from
/uav1/mavlink/gcs_ip
/uav1/mavlink/to
/uav1/mavros/battery
/uav1/mavros/battery2
/uav1/mavros/distance_sensor/hrlv_ez4_pub
/uav1/mavros/distance_sensor/laser_1_sub
/uav1/mavros/distance_sensor/lidarlite_pub
/uav1/mavros/distance_sensor/sonar_1_sub
/uav1/mavros/estimator_status
/uav1/mavros/extended_state
/uav1/mavros/geofence/waypoints
/uav1/mavros/imu/data
/uav1/mavros/imu/data_raw
/uav1/mavros/imu/diff_pressure
/uav1/mavros/imu/mag
/uav1/mavros/imu/static_pressure
/uav1/mavros/imu/temperature_baro
/uav1/mavros/imu/temperature_imu
/uav1/mavros/local_position/accel
/uav1/mavros/local_position/odom
/uav1/mavros/local_position/pose
/uav1/mavros/local_position/pose_cov
/uav1/mavros/local_position/velocity_body
/uav1/mavros/local_position/velocity_body_cov
/uav1/mavros/local_position/velocity_local
/uav1/mavros/manual_control/control
/uav1/mavros/manual_control/send
/uav1/mavros/param/param_value
/uav1/mavros/rc/in
/uav1/mavros/rc/out
/uav1/mavros/rc/override
/uav1/mavros/setpoint_attitude/cmd_vel
/uav1/mavros/setpoint_attitude/thrust
/uav1/mavros/setpoint_raw/attitude
/uav1/mavros/setpoint_raw/global
/uav1/mavros/setpoint_raw/local
/uav1/mavros/setpoint_raw/target_attitude
/uav1/mavros/setpoint_raw/target_global
/uav1/mavros/setpoint_raw/target_local
/uav1/mavros/state
/uav1/mavros/statustext/recv
/uav1/mavros/statustext/send
/uav1/mavros/time_reference
/uav1/mavros/timesync_status
/uav1/mavros/vision_pose/pose
/uav1/mavros/vision_pose/pose_cov
/uav1/mavros/vision_speed/speed_twist_cov
/uav1/prometheus/camera_odom
/uav1/prometheus/control_state
/uav1/prometheus/fake_rc_in
/uav1/prometheus/ground_truth
/uav1/prometheus/odom
/uav1/prometheus/offset_pose
/uav1/prometheus/setup
/uav1/prometheus/state
/uav1/prometheus/stop_control_state
/uav1/prometheus/text_info
/uav1/prometheus/trajectory
/uav1/prometheus/uav_mesh
/uav_control/joy/set_feedback
/vicon/p450/p450
/vrpn_client_node/p450/pose
