... logging to /home/hyx020222/.ros/log/82094416-f0e3-11ee-9f6c-5ddfe38042c4/roslaunch-ubuntu-7064.log
Checking log directory for disk usage. This may take a while.
Press Ctrl-C to interrupt
Done checking log file disk usage. Usage is <1GB.
]2;/home/hyx020222/catkin_ws/src/uav_simulation/launch/uav_simulation.launch
[1mstarted roslaunch server http://ubuntu:41019/[0m

SUMMARY
========

PARAMETERS
 * /gazebo/enable_ros_network: True
 * /octomap_server/frame_id: world
 * /octomap_server/resolution: 0.05
 * /octomap_server/sensor_model/max_range: 5.0
 * /rosdistro: noetic
 * /rosversion: 1.16.0
 * /uav1/mavros/cmd/use_comp_id_system_control: False
 * /uav1/mavros/conn/heartbeat_rate: 1.0
 * /uav1/mavros/conn/system_time_rate: 1.0
 * /uav1/mavros/conn/timeout: 10.0
 * /uav1/mavros/conn/timesync_rate: 10.0
 * /uav1/mavros/distance_sensor/hrlv_ez4_pub/field_of_view: 0.0
 * /uav1/mavros/distance_sensor/hrlv_ez4_pub/frame_id: hrlv_ez4_sonar
 * /uav1/mavros/distance_sensor/hrlv_ez4_pub/id: 0
 * /uav1/mavros/distance_sensor/hrlv_ez4_pub/orientation: PITCH_270
 * /uav1/mavros/distance_sensor/hrlv_ez4_pub/send_tf: True
 * /uav1/mavros/distance_sensor/hrlv_ez4_pub/sensor_position/x: 0.0
 * /uav1/mavros/distance_sensor/hrlv_ez4_pub/sensor_position/y: 0.0
 * /uav1/mavros/distance_sensor/hrlv_ez4_pub/sensor_position/z: -0.1
 * /uav1/mavros/distance_sensor/laser_1_sub/id: 3
 * /uav1/mavros/distance_sensor/laser_1_sub/orientation: PITCH_270
 * /uav1/mavros/distance_sensor/laser_1_sub/subscriber: True
 * /uav1/mavros/distance_sensor/lidarlite_pub/field_of_view: 0.0
 * /uav1/mavros/distance_sensor/lidarlite_pub/frame_id: lidarlite_laser
 * /uav1/mavros/distance_sensor/lidarlite_pub/id: 1
 * /uav1/mavros/distance_sensor/lidarlite_pub/orientation: PITCH_270
 * /uav1/mavros/distance_sensor/lidarlite_pub/send_tf: True
 * /uav1/mavros/distance_sensor/lidarlite_pub/sensor_position/x: 0.0
 * /uav1/mavros/distance_sensor/lidarlite_pub/sensor_position/y: 0.0
 * /uav1/mavros/distance_sensor/lidarlite_pub/sensor_position/z: -0.1
 * /uav1/mavros/distance_sensor/sonar_1_sub/id: 2
 * /uav1/mavros/distance_sensor/sonar_1_sub/orientation: PITCH_270
 * /uav1/mavros/distance_sensor/sonar_1_sub/subscriber: True
 * /uav1/mavros/fake_gps/eph: 2.0
 * /uav1/mavros/fake_gps/epv: 2.0
 * /uav1/mavros/fake_gps/fix_type: 3
 * /uav1/mavros/fake_gps/geo_origin/alt: 408.0
 * /uav1/mavros/fake_gps/geo_origin/lat: 47.3667
 * /uav1/mavros/fake_gps/geo_origin/lon: 8.55
 * /uav1/mavros/fake_gps/gps_rate: 5.0
 * /uav1/mavros/fake_gps/mocap_transform: True
 * /uav1/mavros/fake_gps/satellites_visible: 5
 * /uav1/mavros/fake_gps/tf/child_frame_id: fix
 * /uav1/mavros/fake_gps/tf/frame_id: map
 * /uav1/mavros/fake_gps/tf/listen: False
 * /uav1/mavros/fake_gps/tf/rate_limit: 10.0
 * /uav1/mavros/fake_gps/tf/send: False
 * /uav1/mavros/fake_gps/use_mocap: True
 * /uav1/mavros/fake_gps/use_vision: False
 * /uav1/mavros/fcu_url: udp://:14540@loca...
 * /uav1/mavros/gcs_url: 
 * /uav1/mavros/global_position/child_frame_id: base_link
 * /uav1/mavros/global_position/frame_id: map
 * /uav1/mavros/global_position/gps_uere: 1.0
 * /uav1/mavros/global_position/rot_covariance: 99999.0
 * /uav1/mavros/global_position/tf/child_frame_id: base_link
 * /uav1/mavros/global_position/tf/frame_id: map
 * /uav1/mavros/global_position/tf/global_frame_id: earth
 * /uav1/mavros/global_position/tf/send: False
 * /uav1/mavros/global_position/use_relative_alt: True
 * /uav1/mavros/image/frame_id: px4flow
 * /uav1/mavros/imu/angular_velocity_stdev: 0.0003490659 // 0...
 * /uav1/mavros/imu/frame_id: base_link
 * /uav1/mavros/imu/linear_acceleration_stdev: 0.0003
 * /uav1/mavros/imu/magnetic_stdev: 0.0
 * /uav1/mavros/imu/orientation_stdev: 1.0
 * /uav1/mavros/local_position/frame_id: world
 * /uav1/mavros/local_position/tf/child_frame_id: base_link
 * /uav1/mavros/local_position/tf/frame_id: world
 * /uav1/mavros/local_position/tf/send: True
 * /uav1/mavros/local_position/tf/send_fcu: False
 * /uav1/mavros/mission/pull_after_gcs: True
 * /uav1/mavros/mocap/use_pose: True
 * /uav1/mavros/mocap/use_tf: False
 * /uav1/mavros/odometry/fcu/odom_child_id_des: base_link
 * /uav1/mavros/odometry/fcu/odom_parent_id_des: map
 * /uav1/mavros/plugin_blacklist: ['altitude', 'act...
 * /uav1/mavros/plugin_whitelist: ['command', 'imu'...
 * /uav1/mavros/px4flow/frame_id: px4flow
 * /uav1/mavros/px4flow/ranger_fov: 0.118682
 * /uav1/mavros/px4flow/ranger_max_range: 5.0
 * /uav1/mavros/px4flow/ranger_min_range: 0.3
 * /uav1/mavros/safety_area/p1/x: 1.0
 * /uav1/mavros/safety_area/p1/y: 1.0
 * /uav1/mavros/safety_area/p1/z: 1.0
 * /uav1/mavros/safety_area/p2/x: -1.0
 * /uav1/mavros/safety_area/p2/y: -1.0
 * /uav1/mavros/safety_area/p2/z: -1.0
 * /uav1/mavros/setpoint_accel/send_force: False
 * /uav1/mavros/setpoint_attitude/reverse_thrust: False
 * /uav1/mavros/setpoint_attitude/tf/child_frame_id: target_attitude
 * /uav1/mavros/setpoint_attitude/tf/frame_id: map
 * /uav1/mavros/setpoint_attitude/tf/listen: False
 * /uav1/mavros/setpoint_attitude/tf/rate_limit: 50.0
 * /uav1/mavros/setpoint_attitude/use_quaternion: False
 * /uav1/mavros/setpoint_position/mav_frame: LOCAL_NED
 * /uav1/mavros/setpoint_position/tf/child_frame_id: target_position
 * /uav1/mavros/setpoint_position/tf/frame_id: map
 * /uav1/mavros/setpoint_position/tf/listen: False
 * /uav1/mavros/setpoint_position/tf/rate_limit: 50.0
 * /uav1/mavros/setpoint_raw/thrust_scaling: 1.0
 * /uav1/mavros/setpoint_velocity/mav_frame: LOCAL_NED
 * /uav1/mavros/startup_px4_usb_quirk: True
 * /uav1/mavros/sys/disable_diag: False
 * /uav1/mavros/sys/min_voltage: 10.0
 * /uav1/mavros/target_component_id: 1
 * /uav1/mavros/target_system_id: 1
 * /uav1/mavros/tdr_radio/low_rssi: 40
 * /uav1/mavros/time/time_ref_source: fcu
 * /uav1/mavros/time/timesync_avg_alpha: 0.6
 * /uav1/mavros/time/timesync_mode: MAVLINK
 * /uav1/mavros/vibration/frame_id: base_link
 * /uav1/mavros/vision_pose/tf/child_frame_id: vision_estimate
 * /uav1/mavros/vision_pose/tf/frame_id: map
 * /uav1/mavros/vision_pose/tf/listen: False
 * /uav1/mavros/vision_pose/tf/rate_limit: 10.0
 * /uav1/mavros/vision_speed/listen_twist: True
 * /uav1/mavros/vision_speed/twist_cov: True
 * /uav1/mavros/wheel_odometry/child_frame_id: base_link
 * /uav1/mavros/wheel_odometry/count: 2
 * /uav1/mavros/wheel_odometry/frame_id: map
 * /uav1/mavros/wheel_odometry/send_raw: True
 * /uav1/mavros/wheel_odometry/send_twist: False
 * /uav1/mavros/wheel_odometry/tf/child_frame_id: base_link
 * /uav1/mavros/wheel_odometry/tf/frame_id: map
 * /uav1/mavros/wheel_odometry/tf/send: False
 * /uav1/mavros/wheel_odometry/use_rpm: False
 * /uav1/mavros/wheel_odometry/vel_error: 0.1
 * /uav1/mavros/wheel_odometry/wheel0/radius: 0.05
 * /uav1/mavros/wheel_odometry/wheel0/x: 0.0
 * /uav1/mavros/wheel_odometry/wheel0/y: -0.15
 * /uav1/mavros/wheel_odometry/wheel1/radius: 0.05
 * /uav1/mavros/wheel_odometry/wheel1/x: 0.0
 * /uav1/mavros/wheel_odometry/wheel1/y: 0.15
 * /uav_control_main_1/D435i/offset_pitch: 0.0
 * /uav_control_main_1/D435i/offset_roll: -1.92
 * /uav_control_main_1/D435i/offset_x: 0.1
 * /uav_control_main_1/D435i/offset_y: 0.0
 * /uav_control_main_1/D435i/offset_yaw: -1.57
 * /uav_control_main_1/D435i/offset_z: 0.0
 * /uav_control_main_1/Lidar/offset_pitch: 0.0
 * /uav_control_main_1/Lidar/offset_roll: 0.0
 * /uav_control_main_1/Lidar/offset_x: 0.0
 * /uav_control_main_1/Lidar/offset_y: 0.0
 * /uav_control_main_1/Lidar/offset_yaw: 0.0
 * /uav_control_main_1/Lidar/offset_z: 0.05
 * /uav_control_main_1/T265/offset_pitch: 0.0
 * /uav_control_main_1/T265/offset_roll: 0.0
 * /uav_control_main_1/T265/offset_x: 0.1
 * /uav_control_main_1/T265/offset_y: 0.0
 * /uav_control_main_1/T265/offset_yaw: 0.0
 * /uav_control_main_1/T265/offset_z: 0.0
 * /uav_control_main_1/control/Disarm_height: 0.1
 * /uav_control_main_1/control/Land_speed: 0.2
 * /uav_control_main_1/control/Takeoff_height: 0.4
 * /uav_control_main_1/control/enable_external_control: True
 * /uav_control_main_1/control/location_source: 2
 * /uav_control_main_1/control/maximum_safe_vel_xy: 2.0
 * /uav_control_main_1/control/maximum_safe_vel_z: 2.0
 * /uav_control_main_1/control/maximum_vel_error_for_vision: 100.0
 * /uav_control_main_1/control/pos_controller: 0
 * /uav_control_main_1/flag_printf: True
 * /uav_control_main_1/geo_fence/x_max: 10.0
 * /uav_control_main_1/geo_fence/x_min: -10.0
 * /uav_control_main_1/geo_fence/y_max: 10.0
 * /uav_control_main_1/geo_fence/y_min: -10.0
 * /uav_control_main_1/geo_fence/z_max: 50.0
 * /uav_control_main_1/geo_fence/z_min: -0.5
 * /uav_control_main_1/sim_mode: True
 * /uav_control_main_1/uav_id: 1
 * /use_sim_time: True

NODES
  /
    gazebo (gazebo_ros/gzserver)
    gazebo_gui (gazebo_ros/gzclient)
    joy_node (prometheus_uav_control/joy_node)
    laser_to_pointcloud (uav_simulation/laser_to_pointcloud.py)
    octomap_server (octomap_server/octomap_server_node)
    rviz (rviz/rviz)
    uav_control_main_1 (prometheus_uav_control/uav_control_main)
  /uav1/
    mavros (mavros/mavros_node)
    p450_rplidar_monocular_1_spawn (gazebo_ros/spawn_model)
    sitl_1 (px4/px4)
    tf_2Dlidar (tf2_ros/static_transform_publisher)
[rcS] Info: found model autostart file as SYS_AUTOSTART=1045
INFO  [param] selected parameter default file eeprom/parameters_1045
INFO  [parameters] BSON document size 535 bytes, decoded 535 bytes
[rcS] Loaded: eeprom/parameters_1045
[rcS] COM_DL_LOSS_T set to 10.0
[rcS] COM_RC_LOSS_T set to .5
[rcS] COM_OF_LOSS_T set to .5
[rcS] COM_OBC_LOSS_T set to 5.0
[0m[ INFO] [1712057043.784335332]: FCU URL: udp://:14540@localhost:14580[0m
[0m[ INFO] [1712057043.788444879]: udp0: Bind address: 0.0.0.0:14540[0m
[0m[ INFO] [1712057043.788608636]: udp0: Remote address: 127.0.0.1:14580[0m
[0m[ INFO] [1712057043.788845506]: GCS bridge disabled[0m
[0m[ INFO] [1712057043.807087162]: Plugin 3dr_radio blacklisted[0m
[0m[ INFO] [1712057043.807133750]: Plugin actuator_control blacklisted[0m
[0m[ INFO] [1712057043.807153541]: Plugin adsb blacklisted[0m
[0m[ INFO] [1712057043.807172367]: Plugin altitude blacklisted[0m
[0m[ INFO] [1712057043.807191777]: Plugin cam_imu_sync blacklisted[0m
[0m[ INFO] [1712057043.807210643]: Plugin camera blacklisted[0m
[0m[ INFO] [1712057043.859787022]: Plugin command loaded[0m
[0m[ INFO] [1712057043.910227176]: Plugin command initialized[0m
[0m[ INFO] [1712057043.910374479]: Plugin companion_process_status blacklisted[0m
[0m[ INFO] [1712057043.910425640]: Plugin debug_value blacklisted[0m
[0m[ INFO] [1712057043.915757393]: Plugin distance_sensor loaded[0m
[0m[ INFO] [1712057044.163355594]: Plugin distance_sensor initialized[0m
[0m[ INFO] [1712057044.163513343]: Plugin esc_status blacklisted[0m
[0m[ INFO] [1712057044.163564942]: Plugin esc_telemetry blacklisted[0m
[0m[ INFO] [1712057044.163613978]: Plugin fake_gps blacklisted[0m
[0m[ INFO] [1712057044.163701650]: Plugin ftp blacklisted[0m
[0m[ INFO] [1712057044.163980523]: Plugin geofence loaded[0m
[0m[ INFO] [1712057044.173463070]: Plugin geofence initialized[0m
[0m[ INFO] [1712057044.173617031]: Plugin gimbal_control blacklisted[0m
[0m[ INFO] [1712057044.173667434]: Plugin global_position blacklisted[0m
[0m[ INFO] [1712057044.173722258]: Plugin gps_input blacklisted[0m
[0m[ INFO] [1712057044.173810181]: Plugin gps_rtk blacklisted[0m
[0m[ INFO] [1712057044.173876651]: Plugin gps_status blacklisted[0m
[0m[ INFO] [1712057044.173951251]: Plugin hil blacklisted[0m
[0m[ INFO] [1712057044.174145134]: Plugin home_position blacklisted[0m
[0m[ INFO] [1712057044.174507228]: Plugin imu loaded[0m
[0m[ INFO] [1712057044.266662856]: Plugin imu initialized[0m
[0m[ INFO] [1712057044.266804357]: Plugin landing_target blacklisted[0m
[0m[ INFO] [1712057044.267020799]: Plugin local_position loaded[0m
[0m[ INFO] [1712057044.416401086]: Plugin local_position initialized[0m
[0m[ INFO] [1712057044.416552445]: Plugin log_transfer blacklisted[0m
[0m[ INFO] [1712057044.416601782]: Plugin mag_calibration_status blacklisted[0m
[0m[ INFO] [1712057044.416838261]: Plugin manual_control loaded[0m
[0m[ INFO] [1712057044.485140719]: Plugin manual_control initialized[0m
[0m[ INFO] [1712057044.485329869]: Plugin mocap_pose_estimate blacklisted[0m
[0m[ INFO] [1712057044.485386683]: Plugin mount_control blacklisted[0m
[0m[ INFO] [1712057044.485427700]: Plugin nav_controller_output blacklisted[0m
[0m[ INFO] [1712057044.485468065]: Plugin obstacle_distance blacklisted[0m
[0m[ INFO] [1712057044.485508891]: Plugin odom blacklisted[0m
[0m[ INFO] [1712057044.485557254]: Plugin onboard_computer_status blacklisted[0m
[0m[ INFO] [1712057044.485834991]: Plugin param loaded[0m
[0m[ INFO] [1712057044.511714608]: Plugin param initialized[0m
[0m[ INFO] [1712057044.511869625]: Plugin play_tune blacklisted[0m
[0m[ INFO] [1712057044.511932427]: Plugin px4flow blacklisted[0m
[0m[ INFO] [1712057044.511980066]: Plugin rallypoint blacklisted[0m
[0m[ INFO] [1712057044.512033524]: Plugin rangefinder blacklisted[0m
[0m[ INFO] [1712057044.512356228]: Plugin rc_io loaded[0m
[0m[ INFO] [1712057044.549684669]: Plugin rc_io initialized[0m
[0m[ INFO] [1712057044.549905643]: Plugin safety_area blacklisted[0m
[0m[ INFO] [1712057044.549955956]: Plugin setpoint_accel blacklisted[0m
[0m[ INFO] [1712057044.550519610]: Plugin setpoint_attitude loaded[0m
[0m[ INFO] [1712057044.680221418]: Plugin setpoint_attitude initialized[0m
[0m[ INFO] [1712057044.680372013]: Plugin setpoint_position blacklisted[0m
[0m[ INFO] [1712057044.680562480]: Plugin setpoint_raw loaded[0m
[0m[ INFPX4 SIM HOST: localhost
[0m[ INFO] [1712057045.335719104]: Finished loading Gazebo ROS API Plugin.[0m
[0m[ INFO] [1712057045.340176353]: waitForService: Service [/gazebo/set_physics_properties] has not been advertised, waiting...[0m
[0m[ INFO] [1712057047.632236354]: waitForService: Service [/gazebo/set_physics_properties] is now available.[0m
[0m[ INFO] [1712057047.679210506]: Physics dynamic reconfigure ready.[0m
[INFO] [1712057045.056686, 0.000000]: Loading model XML from file /home/hyx020222/Prometheus/Simulator/gazebo_simulator/gazebo_models/uav_models/p450_rplidar_monocular/p450_rplidar_monocular.sdf
[INFO] [1712057045.062293, 0.000000]: Waiting for service /gazebo/spawn_sdf_model
[INFO] [1712057047.795804, 44.733000]: Calling service /gazebo/spawn_sdf_model
[INFO] [1712057049.117345, 44.788000]: Spawn status: SpawnModel: Successfully spawned entity
INFO  [init] Mixer: etc/mixers/quad_x.main.mix on /dev/pwm_output0
INFO  [ekf2] starting instance 0, IMU:0 (1310988), MAG:0 (197388)
INFO  [ekf2] starting instance 1, IMU:1 (1310996), MAG:0 (197388)
INFO  [ekf2] starting instance 2, IMU:2 (1311004), MAG:0 (197388)
INFO  [ekf2] starting instance 3, IMU:0 (1310988), MAG:1 (197644)
INFO  [ekf2] starting instance 4, IMU:1 (1310996), MAG:1 (197644)
INFO  [ekf2] starting instance 5, IMU:2 (1311004), MAG:1 (197644)
INFO  [mavlink] MAVLink only on localhost (set param MAV_{i}_BROADCAST = 1 to enable network)
INFO  [mavlink] MAVLink only on localhost (set param MAV_{i}_BROADCAST = 1 to enable network)
INFO  [px4] Creating symlink /home/hyx020222/prometheus_px4/ROMFS/px4fmu_common -> /home/hyx020222/.ros/sitl_amov_0/etc

██████  ██████   ██████  ███    ███ ███████ ████████ ██   ██ ███████ ██    ██ ███████
██   ██ ██   ██ ██    ██ ████  ████ ██         ██    ██   ██ ██      ██    ██ ██      
██████  ██████  ██    ██ ██ ████ ██ █████      ██    ███████ █████   ██    ██ ███████ 
██      ██   ██ ██    ██ ██  ██  ██ ██         ██    ██   ██ ██      ██    ██      ██ 
██      ██   ██  ██████  ██      ██ ███████    ██    ██   ██ ███████  ██████  ███████ 

px4 starting.

INFO  [px4] Calling startup script: /bin/sh etc/init.d-posix/rcS 0
INFO  [dataman] Unknown restart, data manager file './dataman' size is 11798680 bytes
INFO  [simulator] Waiting for simulator to accept connection on TCP port 4560
INFO  [simulator] Simulator connected on TCP port 4560.
INFO  [commander] LED: open /dev/led0 failed (22)
INFO  [mavlink] mode: Normal, data rate: 4000000 B/s on udp port 18570 remote port 14550
INFO  [mavlink] mode: Onboard, data rate: 4000000 B/s on udp port 14580 remote port 14540
INFO  [mavlink] mode: Onboard, data rate: 4000 B/s on udp port 14280 remote port 14030
INFO  [mavlink] mode: Gimbal, data rate: 400000 B/s on udp port 13030 remote port 13280
INFO  [logger] logger started (mode=all)
INFO  [logger] Start file log (type: full)
INFO  [logger] [logger] ./log/2024-04-02/11_24_11.ulg
INFO  [logger] Opened full log file: ./log/2024-04-02/11_24_11.ulg
INFO  [px4] Startup script returned successfully
INFO  [mavlink] partner IP: 127.0.0.1
INFO  [ecl/EKF] reset position to last known position
INFO  [ecl/EKF] reset velocity to zero
INFO  [ecl/EKF] reset position to last known position
INFO  [ecl/EKF] reset velocity to zero
INFO  [ecl/EKF] reset position to last known position
INFO  [ecl/EKF] reset velocity to zero
INFO  [ecl/EKF] reset position to last known position
INFO  [ecl/EKF] reset velocity to zero
INFO  [ecl/EKF] reset position to last known position
INFO  [ecl/EKF] reset velocity to zero
INFO  [ecl/EKF] reset position to last known position
INFO  [ecl/EKF] reset velocity to zero
INFO  [ecl/EKF] GPS checks passed
INFO  [ecl/EKF] GPS checks passed
INFO  [ecl/EKF] GPS checks passed
INFO  [ecl/EKF] GPS checks passed
INFO  [ecl/EKF] GPS checks passed
INFO  [ecl/EKF] GPS checks passed
INFO  [ecl/EKF] 6900000: EKF aligned, (baro hgt, IMU buf: 12, OBS buf: 9)
INFO  [ecl/EKF] 6912000: EKF aligned, (baro hgt, IMU buf: 12, OBS buf: 9)
INFO  [ecl/EKF] 6976000: EKF aligned, (baro hgt, IMU buf: 12, OBS buf: 9)
INFO  [ecl/EKF] 6968000: EKF aligned, (baro hgt, IMU buf: 12, OBS buf: 9)
INFO  [ecl/EKF] 6976000: EKF aligned, (baro hgt, IMU buf: 12, OBS buf: 9)
INFO  [ecl/EKF] 7100000: EKF aligned, (baro hgt, IMU buf: 12, OBS buf: 9)
INFO  [ecl/EKF] reset position to GPS
INFO  [ecl/EKF] reset velocity to GPS
INFO  [ecl/EKF] starting GPS fusion
INFO  [ecl/EKF] reset position to GPS
INFO  [ecl/EKF] reset velocity to GPS
INFO  [ecl/EKF] starting GPS fusion
INFO  [ecl/EKF] reset position to GPS
INFO  [ecl/EKF] reset velocity to GPS
INFO  [ecl/EKF] starting GPS fusion
INFO  [ecl/EKF] reset position to GPS
INFO  [ecl/EKF] reset velocity to GPS
INFO  [ecl/EKF] starting GPS fusion
INFO  [ecl/EKF] reset position to GPS
INFO  [ecl/EKF] reset velocity to GPS
INFO  [ecl/EKF] starting GPS fusion
INFO  [ecl/EKF] reset position to GPS
INFO  [ecl/EKF] reset velocity to GPS
INFO  [ecl/EKF] starting GPS fusion
INFO  [tone_alarm] home set
INFO  [tone_alarm] notify negative
WARN  [flight_mode_manager] Position-Ctrl activation failed with error: Activation Failed
WARN  [flight_mode_manager] Altitude-Ctrl activation failed with error: Activation Failed

PX4 Exiting...
Exiting NOW.
O] [1712057044.727959661]: Plugin setpoint_raw initialized[0m
[0m[ INFO] [1712057044.728264931]: Plugin setpoint_trajectory blacklisted[0m
[0m[ INFO] [1712057044.728319253]: Plugin setpoint_velocity blacklisted[0m
[0m[ INFO] [1712057044.728908771]: Plugin sys_status loaded[0m
[0m[ INFO] [1712057044.766339827]: Plugin sys_status initialized[0m
[0m[ INFO] [1712057044.766700906]: Plugin sys_time loaded[0m
[0m[ INFO] [1712057044.793258498]: TM: Timesync mode: MAVLINK[0m
[0m[ INFO] [1712057044.794214772]: TM: Not publishing sim time[0m
[0m[ INFO] [1712057044.797441629]: Plugin sys_time initialized[0m
[0m[ INFO] [1712057044.797636055]: Plugin trajectory blacklisted[0m
[0m[ INFO] [1712057044.797692919]: Plugin tunnel blacklisted[0m
[0m[ INFO] [1712057044.797739191]: Plugin vfr_hud blacklisted[0m
[0m[ INFO] [1712057044.797791543]: Plugin vibration blacklisted[0m
[0m[ INFO] [1712057044.798024626]: Plugin vision_pose_estimate loaded[0m
[0m[ INFO] [1712057044.824864607]: Plugin vision_pose_estimate initialized[0m
[0m[ INFO] [1712057044.825157447]: Plugin vision_speed_estimate loaded[0m
[0m[ INFO] [1712057044.844681895]: Plugin vision_speed_estimate initialized[0m
[0m[ INFO] [1712057044.844831204]: Plugin waypoint blacklisted[0m
[0m[ INFO] [1712057044.844888610]: Plugin wheel_odometry blacklisted[0m
[0m[ INFO] [1712057044.844963692]: Plugin wind_estimation blacklisted[0m
[0m[ INFO] [1712057044.845256883]: Autostarting mavlink via USB on PX4[0m
[0m[ INFO] [1712057044.845487032]: Built-in SIMD instructions: SSE, SSE2[0m
[0m[ INFO] [1712057044.845575337]: Built-in MAVLink package version: 2021.3.3[0m
[0m[ INFO] [1712057044.845674745]: Known MAVLink dialects: common ardupilotmega ASLUAV all autoquad icarous matrixpilot paparazzi standard uAvionix ualberta[0m
[0m[ INFO] [1712057044.845758941]: MAVROS started. MY ID 1.240, TARGET ID 1.1[0m
[0m[ INFO] [1712057051.176580410, 45.054000000]: udp0: Remote address: 127.0.0.1:14580[0m
[0m[ INFO] [1712057051.177169528, 45.054000000]: IMU: High resolution IMU detected![0m
[0m[ INFO] [1712057053.451010549, 46.019000000]: CON: Got HEARTBEAT, connected. FCU: PX4 Autopilot[0m
[0m[ INFO] [1712057053.452326035, 46.019000000]: IMU: High resolution IMU detected![0m
[0m[ INFO] [1712057054.721239004, 46.333000000]: GF: Using MISSION_ITEM_INT[0m
[0m[ INFO] [1712057054.721323433, 46.333000000]: VER: 1.1: Capabilities         0x000000000000e4ef[0m
[0m[ INFO] [1712057054.721356131, 46.333000000]: VER: 1.1: Flight software:     010c0300 (cd5742a755160714)[0m
[0m[ INFO] [1712057054.721391116, 46.333000000]: VER: 1.1: Middleware software: 010c0300 (cd5742a755000000)[0m
[0m[ INFO] [1712057054.721406267, 46.333000000]: VER: 1.1: OS software:         050f00ff (bf660cba2af81f05)[0m
[0m[ INFO] [1712057054.721422010, 46.333000000]: VER: 1.1: Board hardware:      00000001[0m
[0m[ INFO] [1712057054.721453405, 46.333000000]: VER: 1.1: VID/PID:             0000:0000[0m
[0m[ INFO] [1712057054.721466921, 46.333000000]: VER: 1.1: UID:                 4954414c44494e4f[0m
[0m[ INFO] [1712057054.721495669, 46.333000000]: VER: 1.1: STATE: uav connect success[0m
[0m[ INFO] [1712057072.339391981, 51.806000000]: IMU: Attitude quaternion IMU detected![0m
[0m[ INFO] [1712057044.304733662]: Opened joystick: /dev/input/js0 (Flysky FS-i6S emulator). deadzone_: 0.050000.[0m

auto-starting new master
[1mprocess[master]: started with pid [7073][0m
[1mROS_MASTER_URI=http://localhost:11311[0m
]2;/home/hyx020222/catkin_ws/src/uav_simulation/launch/uav_simulation.launch http://localhost:11311
[1msetting /run_id to 82094416-f0e3-11ee-9f6c-5ddfe38042c4[0m
[1mprocess[rosout-1]: started with pid [7084][0m
started core service [/rosout]
[1mprocess[gazebo-2]: started with pid [7091][0m
[1mprocess[gazebo_gui-3]: started with pid [7096][0m
[1mprocess[uav1/sitl_1-4]: started with pid [7101][0m
[1mprocess[uav1/p450_rplidar_monocular_1_spawn-5]: started with pid [7114][0m
[1mprocess[uav1/mavros-6]: started with pid [7120][0m
[1mprocess[uav1/tf_2Dlidar-7]: started with pid [7122][0m
[1mprocess[uav_control_main_1-8]: started with pid [7129][0m
[1mprocess[joy_node-9]: started with pid [7136][0m
[1mprocess[laser_to_pointcloud-10]: started with pid [7152][0m
[1mprocess[octomap_server-11]: started with pid [7158][0m
[1mprocess[rviz-12]: started with pid [7170][0m
[1m[uav_control_main_1-8] process has finished cleanly
log file: /home/hyx020222/.ros/log/82094416-f0e3-11ee-9f6c-5ddfe38042c4/uav_control_main_1-8*.log[0m
[1m[uav1/p450_rplidar_monocular_1_spawn-5] process has finished cleanly
log file: /home/hyx020222/.ros/log/82094416-f0e3-11ee-9f6c-5ddfe38042c4/uav1-p450_rplidar_monocular_1_spawn-5*.log[0m
[rviz-12] killing on exit
[octomap_server-11] killing on exit
[laser_to_pointcloud-10] killing on exit
[joy_node-9] killing on exit
[uav1/tf_2Dlidar-7] killing on exit
[uav1/mavros-6] killing on exit
[uav1/sitl_1-4] killing on exit
[gazebo_gui-3] killing on exit
[gazebo-2] killing on exit
[rosout-1] killing on exit
[master] killing on exit
shutting down processing monitor...
... shutting down processing monitor complete
[1mdone[0m
