/clock
/diagnostics
/free_cells_vis_array
/gazebo/link_states
/gazebo/model_states
/gazebo/parameter_descriptions
/gazebo/parameter_updates
/gazebo/performance_metrics
/gazebo/set_link_state
/gazebo/set_model_state
/initialpose
/mavlink/from
/mavlink/gcs_ip
/mavlink/to
/mavros/actuator_control
/mavros/battery
/mavros/battery2
/mavros/distance_sensor/hrlv_ez4_pub
/mavros/distance_sensor/laser_1_sub
/mavros/distance_sensor/lidarlite_pub
/mavros/distance_sensor/sonar_1_sub
/mavros/estimator_status
/mavros/extended_state
/mavros/geofence/waypoints
/mavros/global_position/rel_alt
/mavros/imu/data
/mavros/imu/data_raw
/mavros/imu/diff_pressure
/mavros/imu/mag
/mavros/imu/static_pressure
/mavros/imu/temperature_baro
/mavros/imu/temperature_imu
/mavros/local_position/accel
/mavros/local_position/odom
/mavros/local_position/pose
/mavros/local_position/pose_cov
/mavros/local_position/velocity_body
/mavros/local_position/velocity_body_cov
/mavros/local_position/velocity_local
/mavros/manual_control/control
/mavros/manual_control/send
/mavros/mount_control/orientation
/mavros/param/param_value
/mavros/rc/in
/mavros/rc/out
/mavros/rc/override
/mavros/setpoint_attitude/cmd_vel
/mavros/setpoint_attitude/thrust
/mavros/setpoint_raw/attitude
/mavros/setpoint_raw/global
/mavros/setpoint_raw/local
/mavros/setpoint_raw/target_attitude
/mavros/setpoint_raw/target_global
/mavros/setpoint_raw/target_local
/mavros/state
/mavros/statustext/recv
/mavros/statustext/send
/mavros/target_actuator_control
/mavros/time_reference
/mavros/timesync_status
/mavros/vision_pose/pose
/mavros/vision_pose/pose_cov
/mavros/vision_speed/speed_twist_cov
/occupied_cells_vis_array
/octomap_binary
/octomap_full
/octomap_point_cloud_centers
/octomap_server/parameter_descriptions
/octomap_server/parameter_updates
/projected_map
/prometheus/control/attitude_reference
/prometheus/control/ref_pose_rviz
/prometheus/control_command
/prometheus/control_command_station
/prometheus/drone_odom
/prometheus/drone_state
/prometheus/drone_trajectory
/prometheus/global_planning/path_cmd
/prometheus/log/control
/prometheus/message/circle_det
/prometheus/message/fast_planner
/prometheus/message/global_planner
/prometheus/message/kcf_det
/prometheus/message/landpad_det
/prometheus/message/local_planner
/prometheus/message/main
/prometheus/message/num_det
/prometheus/planning/global_inflate_pcl
/prometheus/planning/goal
/prometheus/reference_trajectory
/prometheus/sensor/monocular_down/camera_info
/prometheus/sensor/monocular_down/image_raw
/prometheus/sensor/monocular_down/image_raw/compressed
/prometheus/sensor/monocular_down/image_raw/compressed/parameter_descriptions
/prometheus/sensor/monocular_down/image_raw/compressed/parameter_updates
/prometheus/sensor/monocular_down/image_raw/compressedDepth
/prometheus/sensor/monocular_down/image_raw/compressedDepth/parameter_descriptions
/prometheus/sensor/monocular_down/image_raw/compressedDepth/parameter_updates
/prometheus/sensor/monocular_down/image_raw/theora
/prometheus/sensor/monocular_down/image_raw/theora/parameter_descriptions
/prometheus/sensor/monocular_down/image_raw/theora/parameter_updates
/prometheus/sensor/monocular_down/parameter_descriptions
/prometheus/sensor/monocular_down/parameter_updates
/prometheus/sensor/monocular_front/camera_info
/prometheus/sensor/monocular_front/image_raw
/prometheus/sensor/monocular_front/image_raw/compressed
/prometheus/sensor/monocular_front/image_raw/compressed/parameter_descriptions
/prometheus/sensor/monocular_front/image_raw/compressed/parameter_updates
/prometheus/sensor/monocular_front/image_raw/compressedDepth
/prometheus/sensor/monocular_front/image_raw/compressedDepth/parameter_descriptions
/prometheus/sensor/monocular_front/image_raw/compressedDepth/parameter_updates
/prometheus/sensor/monocular_front/image_raw/theora
/prometheus/sensor/monocular_front/image_raw/theora/parameter_descriptions
/prometheus/sensor/monocular_front/image_raw/theora/parameter_updates
/prometheus/sensor/monocular_front/parameter_descriptions
/prometheus/sensor/monocular_front/parameter_updates
/prometheus/sensors/pcl2
/rosout
/rosout_agg
/scan
/slam/pose
/t265/odom/sample
/tf
/tf_static
/uav1/joy
/uav1/prometheus/fake_rc_in
/uav1/prometheus/ground_truth
/uav_control/joy/set_feedback
/vicon/p450/p450
/vrpn_client_node/p450/pose
