... logging to /home/hyx020222/.ros/log/b7e44870-eb51-11ee-8d2c-69783d30c81a/roslaunch-ubuntu-24184.log
Checking log directory for disk usage. This may take a while.
Press Ctrl-C to interrupt
Done checking log file disk usage. Usage is <1GB.
]2;/home/hyx020222/catkin_ws/src/uav_simulation/launch/uav_simulation.launch
[1mstarted roslaunch server http://ubuntu:36607/[0m

SUMMARY
========

PARAMETERS
 * /gazebo/enable_ros_network: True
 * /octomap_server/frame_id: map
 * /octomap_server/resolution: 0.05
 * /octomap_server/sensor_model/max_range: 3.0
 * /rosdistro: noetic
 * /rosversion: 1.16.0
 * /takeoff_land/uav_id: 1
 * /uav1/mavros/cmd/use_comp_id_system_control: False
 * /uav1/mavros/conn/heartbeat_rate: 1.0
 * /uav1/mavros/conn/system_time_rate: 1.0
 * /uav1/mavros/conn/timeout: 10.0
 * /uav1/mavros/conn/timesync_rate: 10.0
 * /uav1/mavros/distance_sensor/hrlv_ez4_pub/field_of_view: 0.0
 * /uav1/mavros/distance_sensor/hrlv_ez4_pub/frame_id: hrlv_ez4_sonar
 * /uav1/mavros/distance_sensor/hrlv_ez4_pub/id: 0
 * /uav1/mavros/distance_sensor/hrlv_ez4_pub/orientation: PITCH_270
 * /uav1/mavros/distance_sensor/hrlv_ez4_pub/send_tf: True
 * /uav1/mavros/distance_sensor/hrlv_ez4_pub/sensor_position/x: 0.0
 * /uav1/mavros/distance_sensor/hrlv_ez4_pub/sensor_position/y: 0.0
 * /uav1/mavros/distance_sensor/hrlv_ez4_pub/sensor_position/z: -0.1
 * /uav1/mavros/distance_sensor/laser_1_sub/id: 3
 * /uav1/mavros/distance_sensor/laser_1_sub/orientation: PITCH_270
 * /uav1/mavros/distance_sensor/laser_1_sub/subscriber: True
 * /uav1/mavros/distance_sensor/lidarlite_pub/field_of_view: 0.0
 * /uav1/mavros/distance_sensor/lidarlite_pub/frame_id: lidarlite_laser
 * /uav1/mavros/distance_sensor/lidarlite_pub/id: 1
 * /uav1/mavros/distance_sensor/lidarlite_pub/orientation: PITCH_270
 * /uav1/mavros/distance_sensor/lidarlite_pub/send_tf: True
 * /uav1/mavros/distance_sensor/lidarlite_pub/sensor_position/x: 0.0
 * /uav1/mavros/distance_sensor/lidarlite_pub/sensor_position/y: 0.0
 * /uav1/mavros/distance_sensor/lidarlite_pub/sensor_position/z: -0.1
 * /uav1/mavros/distance_sensor/sonar_1_sub/id: 2
 * /uav1/mavros/distance_sensor/sonar_1_sub/orientation: PITCH_270
 * /uav1/mavros/distance_sensor/sonar_1_sub/subscriber: True
 * /uav1/mavros/fake_gps/eph: 2.0
 * /uav1/mavros/fake_gps/epv: 2.0
 * /uav1/mavros/fake_gps/fix_type: 3
 * /uav1/mavros/fake_gps/geo_origin/alt: 408.0
 * /uav1/mavros/fake_gps/geo_origin/lat: 47.3667
 * /uav1/mavros/fake_gps/geo_origin/lon: 8.55
 * /uav1/mavros/fake_gps/gps_rate: 5.0
 * /uav1/mavros/fake_gps/mocap_transform: True
 * /uav1/mavros/fake_gps/satellites_visible: 5
 * /uav1/mavros/fake_gps/tf/child_frame_id: fix
 * /uav1/mavros/fake_gps/tf/frame_id: map
 * /uav1/mavros/fake_gps/tf/listen: False
 * /uav1/mavros/fake_gps/tf/rate_limit: 10.0
 * /uav1/mavros/fake_gps/tf/send: False
 * /uav1/mavros/fake_gps/use_mocap: True
 * /uav1/mavros/fake_gps/use_vision: False
 * /uav1/mavros/fcu_url: udp://:14540@loca...
 * /uav1/mavros/gcs_url: 
 * /uav1/mavros/global_position/child_frame_id: base_link
 * /uav1/mavros/global_position/frame_id: map
 * /uav1/mavros/global_position/gps_uere: 1.0
 * /uav1/mavros/global_position/rot_covariance: 99999.0
 * /uav1/mavros/global_position/tf/child_frame_id: base_link
 * /uav1/mavros/global_position/tf/frame_id: map
 * /uav1/mavros/global_position/tf/global_frame_id: earth
 * /uav1/mavros/global_position/tf/send: False
 * /uav1/mavros/global_position/use_relative_alt: True
 * /uav1/mavros/image/frame_id: px4flow
 * /uav1/mavros/imu/angular_velocity_stdev: 0.0003490659 // 0...
 * /uav1/mavros/imu/frame_id: base_link
 * /uav1/mavros/imu/linear_acceleration_stdev: 0.0003
 * /uav1/mavros/imu/magnetic_stdev: 0.0
 * /uav1/mavros/imu/orientation_stdev: 1.0
 * /uav1/mavros/local_position/frame_id: world
 * /uav1/mavros/local_position/tf/child_frame_id: base_link
 * /uav1/mavros/local_position/tf/frame_id: world
 * /uav1/mavros/local_position/tf/send: True
 * /uav1/mavros/local_position/tf/send_fcu: False
 * /uav1/mavros/mission/pull_after_gcs: True
 * /uav1/mavros/mocap/use_pose: True
 * /uav1/mavros/mocap/use_tf: False
 * /uav1/mavros/odometry/fcu/odom_child_id_des: base_link
 * /uav1/mavros/odometry/fcu/odom_parent_id_des: map
 * /uav1/mavros/plugin_blacklist: ['altitude', 'act...
 * /uav1/mavros/plugin_whitelist: ['command', 'imu'...
 * /uav1/mavros/px4flow/frame_id: px4flow
 * /uav1/mavros/px4flow/ranger_fov: 0.118682
 * /uav1/mavros/px4flow/ranger_max_range: 5.0
 * /uav1/mavros/px4flow/ranger_min_range: 0.3
 * /uav1/mavros/safety_area/p1/x: 1.0
 * /uav1/mavros/safety_area/p1/y: 1.0
 * /uav1/mavros/safety_area/p1/z: 1.0
 * /uav1/mavros/safety_area/p2/x: -1.0
 * /uav1/mavros/safety_area/p2/y: -1.0
 * /uav1/mavros/safety_area/p2/z: -1.0
 * /uav1/mavros/setpoint_accel/send_force: False
 * /uav1/mavros/setpoint_attitude/reverse_thrust: False
 * /uav1/mavros/setpoint_attitude/tf/child_frame_id: target_attitude
 * /uav1/mavros/setpoint_attitude/tf/frame_id: map
 * /uav1/mavros/setpoint_attitude/tf/listen: False
 * /uav1/mavros/setpoint_attitude/tf/rate_limit: 50.0
 * /uav1/mavros/setpoint_attitude/use_quaternion: False
 * /uav1/mavros/setpoint_position/mav_frame: LOCAL_NED
 * /uav1/mavros/setpoint_position/tf/child_frame_id: target_position
 * /uav1/mavros/setpoint_position/tf/frame_id: map
 * /uav1/mavros/setpoint_position/tf/listen: False
 * /uav1/mavros/setpoint_position/tf/rate_limit: 50.0
 * /uav1/mavros/setpoint_raw/thrust_scaling: 1.0
 * /uav1/mavros/setpoint_velocity/mav_frame: LOCAL_NED
 * /uav1/mavros/startup_px4_usb_quirk: True
 * /uav1/mavros/sys/disable_diag: False
 * /uav1/mavros/sys/min_voltage: 10.0
 * /uav1/mavros/target_component_id: 1
 * /uav1/mavros/target_system_id: 1
 * /uav1/mavros/tdr_radio/low_rssi: 40
 * /uav1/mavros/time/time_ref_source: fcu
 * /uav1/mavros/time/timesync_avg_alpha: 0.6
 * /uav1/mavros/time/timesync_mode: MAVLINK
 * /uav1/mavros/vibration/frame_id: base_link
 * /uav1/mavros/vision_pose/tf/child_frame_id: vision_estimate
 * /uav1/mavros/vision_pose/tf/frame_id: map
 * /uav1/mavros/vision_pose/tf/listen: False
 * /uav1/mavros/vision_pose/tf/rate_limit: 10.0
 * /uav1/mavros/vision_speed/listen_twist: True
 * /uav1/mavros/vision_speed/twist_cov: True
 * /uav1/mavros/wheel_odometry/child_frame_id: base_link
 * /uav1/mavros/wheel_odometry/count: 2
 * /uav1/mavros/wheel_odometry/frame_id: map
 * /uav1/mavros/wheel_odometry/send_raw: True
 * /uav1/mavros/wheel_odometry/send_twist: False
 * /uav1/mavros/wheel_odometry/tf/child_frame_id: base_link
 * /uav1/mavros/wheel_odometry/tf/frame_id: map
 * /uav1/mavros/wheel_odometry/tf/send: False
 * /uav1/mavros/wheel_odometry/use_rpm: False
 * /uav1/mavros/wheel_odometry/vel_error: 0.1
 * /uav1/mavros/wheel_odometry/wheel0/radius: 0.05
 * /uav1/mavros/wheel_odometry/wheel0/x: 0.0
 * /uav1/mavros/wheel_odometry/wheel0/y: -0.15
 * /uav1/mavros/wheel_odometry/wheel1/radius: 0.05
 * /uav1/mavros/wheel_odometry/wheel1/x: 0.0
 * /uav1/mavros/wheel_odometry/wheel1/y: 0.15
 * /uav_control_main_1/D435i/offset_pitch: 0.0
 * /uav_control_main_1/D435i/offset_roll: -1.92
 * /uav_control_main_1/D435i/offset_x: 0.1
 * /uav_control_main_1/D435i/offset_y: 0.0
 * /uav_control_main_1/D435i/offset_yaw: -1.57
 * /uav_control_main_1/D435i/offset_z: 0.0
 * /uav_control_main_1/Lidar/offset_pitch: 0.0
 * /uav_control_main_1/Lidar/offset_roll: 0.0
 * /uav_control_main_1/Lidar/offset_x: 0.0
 * /uav_control_main_1/Lidar/offset_y: 0.0
 * /uav_control_main_1/Lidar/offset_yaw: 0.0
 * /uav_control_main_1/Lidar/offset_z: 0.05
 * /uav_control_main_1/T265/offset_pitch: 0.0
 * /uav_control_main_1/T265/offset_roll: 0.0
 * /uav_control_main_1/T265/offset_x: 0.1
 * /uav_control_main_1/T265/offset_y: 0.0
 * /uav_control_main_1/T265/offset_yaw: 0.0
 * /uav_control_main_1/T265/offset_z: 0.0
 * /uav_control_main_1/control/Disarm_height: 0.1
 * /uav_control_main_1/control/Land_speed: 0.2
 * /uav_control_main_1/control/Takeoff_height: 0.4
 * /uav_control_main_1/control/enable_external_control: True
 * /uav_control_main_1/control/location_source: 2
 * /uav_control_main_1/control/maximum_safe_vel_xy: 2.0
 * /uav_control_main_1/control/maximum_safe_vel_z: 2.0
 * /uav_control_main_1/control/maximum_vel_error_for_vision: 100.0
 * /uav_control_main_1/control/pos_controller: 0
 * /uav_control_main_1/flag_printf: True
 * /uav_control_main_1/geo_fence/x_max: 20.0
 * /uav_control_main_1/geo_fence/x_min: -20.0
 * /uav_control_main_1/geo_fence/y_max: 20.0
 * /uav_control_main_1/geo_fence/y_min: -20.0
 * /uav_control_main_1/geo_fence/z_max: 10.0
 * /uav_control_main_1/geo_fence/z_min: -0.5
 * /uav_control_main_1/sim_mode: True
 * /uav_control_main_1/uav_id: 1
 * /use_sim_time: False

NODES
  /
    gazebo (gazebo_ros/gzserver)
    gazebo_gui (gazebo_ros/gzclient)
    joy_node (prometheus_uav_control/joy_node)
    octomap_server (octomap_server/octomap_server_node)
    rviz (rviz/rviz)
    takeoff_land (prometheus_demo/takeoff_land)
    tf_map (tf2_ros/static_transform_publisher)
    tf_odom (tf2_ros/static_transform_publisher)
    uav_control_main_1 (prometheus_uav_control/uav_control_main)
  /uav1/
    mavros (mavros/mavros_node)
    p450_rplidar_monocular_1_spawn (gazebo_ros/spawn_model)
    sitl_1 (px4/px4)
    tf_2Dlidar (tf2_ros/static_transform_publisher)
    tf_t265 (tf2_ros/static_transform_publisher)
[rcS] Info: found model autostart file as SYS_AUTOSTART=1045
INFO  [param] selected parameter default file eeprom/parameters_1045
[rcS] parameter file not found, creating eeprom/parameters_1045
  EKF2_AID_MASK: curr: 1 -> new: 24
  EKF2_EV_DELAY: curr: 175.0000 -> new: 5.0000
  EKF2_HGT_MODE: curr: 0 -> new: 3
  SYS_AUTOCONFIG: curr: 0 -> new: 1
  SYS_AUTOSTART: curr: 0 -> new: 1045
  CAL_ACC0_ID: curr: 0 -> new: 1310988
  CAL_GYRO0_ID: curr: 0 -> new: 1310988
  CAL_ACC1_ID: curr: 0 -> new: 1310996
  CAL_GYRO1_ID: curr: 0 -> new: 1310996
  CAL_ACC2_ID: curr: 0 -> new: 1311004
  CAL_GYRO2_ID: curr: 0 -> new: 1311004
  CAL_MAG0_ID: curr: 0 -> new: 197388
  CAL_MAG1_ID: curr: 0 -> new: 197644
  SENS_BOARD_X_OFF: curr: 0.0000 -> new: 0.0000
  SENS_DPRES_OFF: curr: 0.0000 -> new: 0.0010
[rcS] COM_DL_LOSS_T set to 10.0
[0;1;32m [takeoff & land] tutorial_demo start [0m
[rcS] COM_RC_LOSS_T set to .5
[rcS] COM_OF_LOSS_T set to .5
  COM_OF_LOSS_T: curr: 1.0000 -> new: 0.5000
[rcS] COM_OBC_LOSS_T set to 5.0
[0m[ INFO] [1711444671.957075334]: FCU URL: udp://:14540@localhost:14580[0m
[0m[ INFO] [1711444671.968832109]: udp0: Bind address: 0.0.0.0:14540[0m
[0m[ INFO] [1711444671.969037959]: udp0: Remote address: 127.0.0.1:14580[0m
[0m[ INFO] [1711444671.969320775]: GCS bridge disabled[0m
[0m[ INFO] [1711444671.982904033]: Plugin 3dr_radio blacklisted[0m
[0m[ INFO] [1711444671.983129170]: Plugin actuator_control blacklisted[0m
[0m[ INFO] [1711444671.983276748]: Plugin adsb blacklisted[0m
[0m[ INFO] [1711444671.983357975]: Plugin altitude blacklisted[0m
[0m[ INFO] [1711444671.983430321]: Plugin cam_imu_sync blacklisted[0m
[0m[ INFO] [1711444671.983501203]: Plugin camera blacklisted[0m
[0m[ INFO] [1711444672.033465394]: Plugin command loaded[0m
[0m[ INFO] [1711444672.064940690]: Plugin command initialized[0m
[0m[ INFO] [1711444672.065791969]: Plugin companion_process_status blacklisted[0m
[0m[ INFO] [1711444672.065951258]: Plugin debug_value blacklisted[0m
[0m[ INFO] [1711444672.102746125]: Plugin distance_sensor loaded[0m
[0m[ INFO] [1711444672.261977860]: Plugin distance_sensor initialized[0m
[0m[ INFO] [1711444672.262054363]: Plugin esc_status blacklisted[0m
[0m[ INFO] [1711444672.262090626]: Plugin esc_telemetry blacklisted[0m
[0m[ INFO] [1711444672.262102078]: Plugin fake_gps blacklisted[0m
[0m[ INFO] [1711444672.262110365]: Plugin ftp blacklisted[0m
[0m[ INFO] [1711444672.262366627]: Plugin geofence loaded[0m
[0m[ INFO] [1711444672.289115917]: Plugin geofence initialized[0m
[0m[ INFO] [1711444672.289191367]: Plugin gimbal_control blacklisted[0m
[0m[ INFO] [1711444672.289203421]: Plugin global_position blacklisted[0m
[0m[ INFO] [1711444672.289245395]: Plugin gps_input blacklisted[0m
[0m[ INFO] [1711444672.289257339]: Plugin gps_rtk blacklisted[0m
[0m[ INFO] [1711444672.289266828]: Plugin gps_status blacklisted[0m
[0m[ INFO] [1711444672.289274864]: Plugin hil blacklisted[0m
[0m[ INFO] [1711444672.289284954]: Plugin home_position blacklisted[0m
[0m[ INFO] [1711444672.289608019]: Plugin imu loaded[0m
[0m[ INFO] [1711444672.355357831]: Plugin imu initialized[0m
[0m[ INFO] [1711444672.355443802]: Plugin landing_target blacklisted[0m
[0m[ INFO] [1711444672.355654092]: Plugin local_position loaded[0m
[0m[ INFO] [1711444672.402767783]: Plugin local_position initialized[0m
[0m[ INFO] [1711444672.402845749]: Plugin log_transfer blacklisted[0m
[0m[ INFO] [1711444672.402859927]: Plugin mag_calibration_status blacklisted[0m
[0m[ INFO] [1711444672.403093504]: Plugin manual_control loaded[0m
[0m[ INFO] [1711444672.435133478]: Plugin manual_control initialized[0m
[0m[ INFO] [1711444672.435233377]: Plugin mocap_pose_estimate blacklisted[0m
[0m[ INFO] [1711444672.435264028]: Plugin mount_control blacklisted[0m
[0m[ INFO] [1711444672.435275471]: Plugin nav_controller_output blacklisted[0m
[0m[ INFO] [1711444672.435290241]: Plugin obstacle_distance blacklisted[0m
[0m[ INFO] [1711444672.435300521]: Plugin odom blacklisted[0m
[0m[ INFO] [1711444672.435310762]: Plugin onboard_computer_status blacklisted[0m
[0m[ INFO] [1711444672.435609298]: Plugin param loaded[0m
[0m[ INFO] [1711444672.472009157]: Plugin param initialized[0m
[0m[ INFO] [1711444672.472084397]: Plugin play_tune blacklisted[0m
[0m[ INFO] [1711444672.472099688]: Plugin px4flow blacklisted[0m
[0m[ INFO] [1711444672.472141701]: Plugin rallypoint blacklisted[0m
[0m[ INFO] [1711444672.472153986]: Plugin rangefinder blacklisted[0m
[0m[ INFO] [1711444672.472466911]: Plugin rc_io loaded[0m
[0m[ INFO] [1711444672.515875283]: Plugin rc_io initialized[0m
[0m[ INFO] [1711444672.515960213]: Plugin safety_area blacklisted[0m
[0m[ INFO] [1711444672.515973159]: Plugin setpoint_accel blacklisted[0m
[0m[ INFO] [1711444672.516372707]: Plugin setpoint_attitude loaded[0m
[0m[ INFO] [1711444672.590877930]: Plugin setpoint_attitude initialized[0m
[0m[ INFO] [1711444672.591815863]: Plugin setpoint_position blacklisted[0m
[0m[ INFO] [1711444672.592140591]: Plugin setpoint_raw loaded[0m
[0m[ INF* SYS_AUTOCONFIG: curr: 1 -> new: 0
  IMU_INTEG_RATE: curr: 200 -> new: 250
PX4 SIM HOST: localhost
[0;1;32m Level: [Basic] [0m
[0;1;32m>>>>>>>>>>>>>>>> UAV estimator Param <<<<<<<<<<<<<<<<[0m
[0;1;32muav_id                        : 1 [0m
[0;1;32mmaximum_safe_vel_xy           : 2 [m/s] [0m
[0;1;32mmaximum_safe_vel_z            : 2 [m/s] [0m
[0;1;32mmaximum_vel_error_for_vision  : 100 [m/s] [0m
[0;1;32mlocation_source: [GAZEBO] [0m
[0;1;32m[uav_estimator_uav1] init! [0m
[0;1;32m>>>>>>>>>>>>>>>> UAV controller Param <<<<<<<<<<<<<<<<[0m
[0;1;32muav_id                    : 1 [0m
[0;1;32msim_mode                  : 1 [0m
[0;1;32mpos_controller            : 0[0m
[0;1;32menable_external_control   : 1[0m
[0;1;32mTakeoff_height            : 0.4 [m] [0m
[0;1;32mDisarm_height             : 0.1 [m] [0m
[0;1;32mLand_speed                : 0.2 [m/s] [0m
[0;1;32mgeo_fence_x : -20 [m]  to  -20 [m][0m
[0;1;32mgeo_fence_y : -20 [m]  to  20 [m][0m
[0;1;32mgeo_fence_z : -0.5 [m]  to  10 [m][0m
[0;1;32m[uav_controller_uav1] init! [0m
[0;1;32m[uav_controller_uav1] Using the PX4 original controller... [0m
[0;1;32m Please use the RC SWA to armed, and the SWB to switch the drone to [COMMAND_CONTROL] mode  [0m
[0;1;33m Wait for UAV to enter [COMMAND_CONTROL] MODE [0m
[0;1;33m Wait for UAV to enter [COMMAND_CONTROL] MODE [0m
[0;1;33m Wait for UAV to enter [COMMAND_CONTROL] MODE [0m
[0;1;33m Wait for UAV to enter [COMMAND_CONTROL] MODE [0m
[0m[ INFO] [1711444673.604562371]: Finished loading Gazebo ROS API Plugin.[0m
[0m[ INFO] [1711444673.608673130]: waitForService: Service [/gazebo/set_physics_properties] has not been advertised, waiting...[0m
[0m[ INFO] [1711444675.546944349]: waitForService: Service [/gazebo/set_physics_properties] is now available.[0m
[0m[ INFO] [1711444675.583317497]: Physics dynamic reconfigure ready.[0m
[0;1;33m Wait for UAV to enter [COMMAND_CONTROL] MODE [0m
[INFO] [1711444672.976480]: Loading model XML from file /home/hyx020222/Prometheus/Simulator/gazebo_simulator/gazebo_models/uav_models/p450_rplidar_monocular/p450_rplidar_monocular.sdf
[INFO] [1711444672.982647]: Waiting for service /gazebo/spawn_sdf_model
[INFO] [1711444675.715750]: Calling service /gazebo/spawn_sdf_model
[INFO] [1711444677.362540]: Spawn status: SpawnModel: Successfully spawned entity
[0;1;33m Wait for UAV to enter [COMMAND_CONTROL] MODE [0m
[0;1;33m Wait for UAV to enter [COMMAND_CONTROL] MODE [0m
[0;1;33m Wait for UAV to enter [COMMAND_CONTROL] MODE [0m
[0;1;33m Wait for UAV to enter [COMMAND_CONTROL] MODE [0m
[0;1;33m Wait for UAV to enter [COMMAND_CONTROL] MODE [0m
[0;1;33m Wait for UAV to enter [COMMAND_CONTROL] MODE [0m
[0;1;33m Wait for UAV to enter [COMMAND_CONTROL] MODE [0m
[0;1;33m Wait for UAV to enter [COMMAND_CONTROL] MODE [0m
[0;1;33m Wait for UAV to enter [COMMAND_CONTROL] MODE [0m
[0;1;33m Wait for UAV to enter [COMMAND_CONTROL] MODE [0m
[0;1;33m Wait for UAV to enter [COMMAND_CONTROL] MODE [0m
[0;1;33m Wait for UAV to enter [COMMAND_CONTROL] MODE [0m
[0;1;33m Wait for UAV to enter [COMMAND_CONTROL] MODE [0m
[0;1;33m Wait for UAV to enter [COMMAND_CONTROL] MODE [0m
[0;1;33m Wait for UAV to enter [COMMAND_CONTROL] MODE [0m
[0;1;33m Wait for UAV to enter [COMMAND_CONTROL] MODE [0m
[0;1;33m Wait for UAV to enter [COMMAND_CONTROL] MODE [0m
[0;1;33m Wait for UAV to enter [COMMAND_CONTROL] MODE [0m
[0;1;33m Wait for UAV to enter [COMMAND_CONTROL] MODE [0m
[0;1;33m Wait for UAV to enter [COMMAND_CONTROL] MODE [0m
[0;1;33m Wait for UAV to enter [COMMAND_CONTROL] MODE [0m
[0;1;33m Wait for UAV to enter [COMMAND_CONTROL] MODE [0m
[0;1;33m Wait for UAV to enter [COMMAND_CONTROL] MODE [0m
[0;1;33m Wait for UAV to enter [COMMAND_CONTROL] MODE [0m
INFO  [px4] Creating symlink /home/hyx020222/prometheus_px4/ROMFS/px4fmu_common -> /home/hyx020222/.ros/sitl_amov_0/etc

██████  ██████   ██████  ███    ███ ███████ ████████ ██   ██ ███████ ██    ██ ███████
██   ██ ██   ██ ██    ██ ████  ████ ██         ██    ██   ██ ██      ██    ██ ██      
██████  ██████  ██    ██ ██ ████ ██ █████      ██    ███████ █████   ██    ██ ███████ 
██      ██   ██ ██    ██ ██  ██  ██ ██         ██    ██   ██ ██      ██    ██      ██ 
██      ██   ██  ██████  ██      ██ ███████    ██    ██   ██ ███████  ██████  ███████ 

px4 starting.

INFO  [px4] Calling startup script: /bin/sh etc/init.d-posix/rcS 0
INFO  [dataman] Unknown restart, data manager file './dataman' size is 11798680 bytes
INFO  [simulator] Waiting for simulator to accept connection on TCP port 4560
ERROR [px4] Startup script returned with return value: 2
[0m[ INFO] [1711444677.311177782]: Laser Plugin: The 'robotNamespace' param did not exit[0m
[0m[ INFO] [1711444677.311460511]: Starting Laser Plugin (ns = )[0m
[0m[ INFO] [1711444677.375142425]: Laser Plugin (ns = )  <tf_prefix_>, set to ""[0m
[0m[ INFO] [1711444677.668763891]: Camera Plugin: Using the 'robotNamespace' param: '/prometheus/sensor'[0m
[0m[ INFO] [1711444677.670871530]: Camera Plugin: Using the 'robotNamespace' param: '/prometheus/sensor'[0m
[0m[ INFO] [1711444677.696478136]: Camera Plugin (ns = /prometheus/sensor)  <tf_prefix_>, set to ""[0m
[0m[ INFO] [1711444677.697436441]: Camera Plugin (ns = /prometheus/sensor)  <tf_prefix_>, set to ""[0m
O] [1711444672.671948463]: Plugin setpoint_raw initialized[0m
[0m[ INFO] [1711444672.672088432]: Plugin setpoint_trajectory blacklisted[0m
[0m[ INFO] [1711444672.672109975]: Plugin setpoint_velocity blacklisted[0m
[0m[ INFO] [1711444672.672547539]: Plugin sys_status loaded[0m
[0m[ INFO] [1711444672.757997205]: Plugin sys_status initialized[0m
[0m[ INFO] [1711444672.758289608]: Plugin sys_time loaded[0m
[0m[ INFO] [1711444672.805636114]: TM: Timesync mode: MAVLINK[0m
[0m[ INFO] [1711444672.806939617]: TM: Not publishing sim time[0m
[0m[ INFO] [1711444672.820438310]: Plugin sys_time initialized[0m
[0m[ INFO] [1711444672.820510855]: Plugin trajectory blacklisted[0m
[0m[ INFO] [1711444672.820529522]: Plugin tunnel blacklisted[0m
[0m[ INFO] [1711444672.820570574]: Plugin vfr_hud blacklisted[0m
[0m[ INFO] [1711444672.820587207]: Plugin vibration blacklisted[0m
[0m[ INFO] [1711444672.820792086]: Plugin vision_pose_estimate loaded[0m
[0m[ INFO] [1711444672.859262700]: Plugin vision_pose_estimate initialized[0m
[0m[ INFO] [1711444672.859499202]: Plugin vision_speed_estimate loaded[0m
[0m[ INFO] [1711444672.876889976]: Plugin vision_speed_estimate initialized[0m
[0m[ INFO] [1711444672.876952431]: Plugin waypoint blacklisted[0m
[0m[ INFO] [1711444672.876968863]: Plugin wheel_odometry blacklisted[0m
[0m[ INFO] [1711444672.876982541]: Plugin wind_estimation blacklisted[0m
[0m[ INFO] [1711444672.877288241]: Autostarting mavlink via USB on PX4[0m
[0m[ INFO] [1711444672.877465445]: Built-in SIMD instructions: SSE, SSE2[0m
[0m[ INFO] [1711444672.877514172]: Built-in MAVLink package version: 2021.3.3[0m
[0m[ INFO] [1711444672.877531687]: Known MAVLink dialects: common ardupilotmega ASLUAV all autoquad icarous matrixpilot paparazzi standard uAvionix ualberta[0m
[0m[ INFO] [1711444672.877588831]: MAVROS started. MY ID 1.240, TARGET ID 1.1[0m
[0m[ INFO] [1711444700.981320273]: [uav_controller_node] exit...[0m

auto-starting new master
[1mprocess[master]: started with pid [24193][0m
[1mROS_MASTER_URI=http://localhost:11311[0m
]2;/home/hyx020222/catkin_ws/src/uav_simulation/launch/uav_simulation.launch http://localhost:11311
[1msetting /run_id to b7e44870-eb51-11ee-8d2c-69783d30c81a[0m
[1mprocess[rosout-1]: started with pid [24204][0m
started core service [/rosout]
[1mprocess[gazebo-2]: started with pid [24211][0m
[1mprocess[gazebo_gui-3]: started with pid [24215][0m
[1mprocess[uav1/sitl_1-4]: started with pid [24221][0m
[1mprocess[uav1/p450_rplidar_monocular_1_spawn-5]: started with pid [24222][0m
[1mprocess[uav1/mavros-6]: started with pid [24240][0m
[1mprocess[uav1/tf_t265-7]: started with pid [24249][0m
[1mprocess[uav1/tf_2Dlidar-8]: started with pid [24254][0m
[1mprocess[uav_control_main_1-9]: started with pid [24269][0m
[1mprocess[joy_node-10]: started with pid [24282][0m
[1mprocess[takeoff_land-11]: started with pid [24297][0m
[1mprocess[tf_map-12]: started with pid [24319][0m
[1mprocess[tf_odom-13]: started with pid [24323][0m
[1mprocess[octomap_server-14]: started with pid [24334][0m
[1mprocess[rviz-15]: started with pid [24353][0m
[1m[uav1/p450_rplidar_monocular_1_spawn-5] process has finished cleanly
log file: /home/hyx020222/.ros/log/b7e44870-eb51-11ee-8d2c-69783d30c81a/uav1-p450_rplidar_monocular_1_spawn-5*.log[0m
[octomap_server-14] killing on exit
[rviz-15] killing on exit
[tf_map-12] killing on exit
[tf_odom-13] killing on exit
[takeoff_land-11] killing on exit
[joy_node-10] killing on exit
[uav_control_main_1-9] killing on exit
[uav1/tf_2Dlidar-8] killing on exit
[uav1/tf_t265-7] killing on exit
[uav1/mavros-6] killing on exit
[uav1/sitl_1-4] killing on exit
[gazebo_gui-3] killing on exit
[gazebo-2] killing on exit
[rosout-1] killing on exit
[master] killing on exit
shutting down processing monitor...
... shutting down processing monitor complete
[1mdone[0m
